#       T            M            F
  0.000000E+00  0.804352E-01  0.000000E+00
  0.300112E+00  0.465736E+01  0.246264E+01
  0.399957E+00  0.738491E+01  0.355708E+01
  0.499903E+00  0.101087E+02  0.470962E+01
  0.599996E+00  0.123674E+02  0.564182E+01
  0.699894E+00  0.138420E+02  0.487849E+01
  0.799980E+00  0.144578E+02  0.435834E+01
  0.899845E+00  0.142959E+02  0.334632E+01
  0.999986E+00  0.134408E+02  0.260656E+01
  0.110022E+01  0.118914E+02  0.195395E+01
  0.120021E+01  0.967237E+01  0.137697E+01
  0.130002E+01  0.688997E+01 -0.196325E+01
  0.140016E+01  0.410419E+01 -0.316436E+01
  0.149982E+01  0.152283E+01 -0.350215E+01
  0.160017E+01 -0.857882E+00 -0.385831E+01
  0.170005E+01 -0.307594E+01 -0.403934E+01
  0.179984E+01 -0.523118E+01 -0.446340E+01
  0.190010E+01 -0.730285E+01 -0.555873E+01
  0.200005E+01 -0.908941E+01 -0.574807E+01
  0.209985E+01 -0.105802E+02 -0.569185E+01
  0.219996E+01 -0.117063E+02 -0.555471E+01
  0.230007E+01 -0.125650E+02 -0.515099E+01
  0.240003E+01 -0.131033E+02 -0.517726E+01
  0.250007E+01 -0.133418E+02 -0.451246E+01
  0.259984E+01 -0.133001E+02 -0.434827E+01
  0.269992E+01 -0.130134E+02 -0.369236E+01
  0.279989E+01 -0.124627E+02 -0.306592E+01
  0.290004E+01 -0.116720E+02 -0.262267E+01
  0.300004E+01 -0.106050E+02 -0.200818E+01
  0.310005E+01 -0.926948E+01 -0.677841E+00
  0.320011E+01 -0.777644E+01 -0.141267E+00
  0.330010E+01 -0.611320E+01  0.627852E+00
  0.340002E+01 -0.429370E+01  0.135572E+01
  0.349996E+01 -0.234344E+01  0.207454E+01
  0.360014E+01 -0.275304E+00  0.263163E+01
  0.369995E+01  0.187895E+01  0.315274E+01
  0.380001E+01  0.411115E+01  0.461520E+01
  0.390001E+01  0.616766E+01  0.496242E+01
  0.399989E+01  0.793919E+01  0.521969E+01
  0.409996E+01  0.941764E+01  0.533841E+01
  0.419999E+01  0.105813E+02  0.556739E+01
  0.430000E+01  0.114711E+02  0.552890E+01
  0.440001E+01  0.120333E+02  0.453694E+01
  0.450009E+01  0.123838E+02  0.446078E+01
  0.459990E+01  0.124872E+02  0.459197E+01
  0.470007E+01  0.123734E+02  0.398037E+01
  0.479997E+01  0.120290E+02  0.348362E+01
  0.490014E+01  0.114521E+02  0.309937E+01
  0.499987E+01  0.106167E+02  0.247104E+01
  0.510010E+01  0.953141E+01  0.138776E+01
  0.520004E+01  0.824029E+01  0.679350E+00
  0.530003E+01  0.680441E+01  0.120087E+00
  0.540014E+01  0.517891E+01 -0.348952E+00
  0.550001E+01  0.341302E+01 -0.144065E+01
  0.560004E+01  0.151503E+01 -0.196141E+01
  0.569990E+01 -0.543904E+00 -0.261321E+01
  0.579996E+01 -0.271415E+01 -0.303467E+01
  0.590009E+01 -0.493499E+01 -0.433130E+01
  0.599991E+01 -0.699567E+01 -0.489409E+01
  0.610014E+01 -0.888802E+01 -0.505609E+01
  0.619992E+01 -0.105478E+02 -0.532961E+01
  0.629985E+01 -0.119281E+02 -0.511000E+01
  0.640014E+01 -0.130048E+02 -0.537457E+01
  0.650019E+01 -0.137945E+02 -0.511037E+01
  0.659990E+01 -0.143088E+02 -0.462228E+01
  0.670013E+01 -0.146127E+02 -0.455196E+01
  0.680014E+01 -0.146488E+02 -0.383340E+01
  0.689982E+01 -0.144091E+02 -0.375375E+01
  0.699985E+01 -0.139098E+02 -0.286743E+01
  0.710016E+01 -0.131133E+02 -0.258278E+01
  0.719995E+01 -0.119941E+02 -0.142302E+01
  0.729991E+01 -0.106440E+02 -0.980051E+00
  0.739996E+01 -0.908230E+01 -0.234573E-01
  0.749985E+01 -0.732213E+01  0.748042E+00
  0.759992E+01 -0.540029E+01  0.151370E+01
  0.769985E+01 -0.338047E+01  0.159933E+01
  0.780000E+01 -0.122905E+01  0.256119E+01
  0.790015E+01  0.103554E+01  0.299025E+01
  0.799989E+01  0.328496E+01  0.491796E+01
  0.810012E+01  0.524377E+01  0.475258E+01
  0.819998E+01  0.696314E+01  0.544701E+01
  0.829986E+01  0.836477E+01  0.536939E+01
  0.840009E+01  0.949224E+01  0.549380E+01
  0.849990E+01  0.103263E+02  0.468486E+01
  0.859999E+01  0.109294E+02  0.463458E+01
  0.869994E+01  0.113762E+02  0.431130E+01
  0.879994E+01  0.115682E+02  0.398127E+01
  0.890009E+01  0.115365E+02  0.412570E+01
  0.900001E+01  0.112450E+02  0.353831E+01
  0.910013E+01  0.107013E+02  0.272836E+01
  0.920017E+01  0.989715E+01  0.220748E+01
  0.929997E+01  0.883451E+01  0.181030E+01
  0.940002E+01  0.753244E+01  0.761167E+00
  0.949985E+01  0.603755E+01  0.120582E+00
  0.960020E+01  0.436727E+01 -0.749272E+00
  0.969999E+01  0.256597E+01 -0.145614E+01
  0.980010E+01  0.664365E+00 -0.222775E+01
  0.989996E+01 -0.132998E+01 -0.271731E+01
  0.999990E+01 -0.347530E+01 -0.303402E+01
  0.101002E+02 -0.570526E+01 -0.439731E+01
  0.102001E+02 -0.778852E+01 -0.476766E+01
  0.103000E+02 -0.966306E+01 -0.503315E+01
  0.103999E+02 -0.113210E+02 -0.545830E+01
  0.105001E+02 -0.126812E+02 -0.506486E+01
  0.106002E+02 -0.137750E+02 -0.545089E+01
  0.107001E+02 -0.145727E+02 -0.522104E+01
  0.107999E+02 -0.150245E+02 -0.436717E+01
  0.109000E+02 -0.152486E+02 -0.444420E+01
  0.109998E+02 -0.152268E+02 -0.391077E+01
  0.111001E+02 -0.149380E+02 -0.364773E+01
  0.111999E+02 -0.143579E+02 -0.286029E+01
  0.113001E+02 -0.134892E+02 -0.256665E+01
  0.114001E+02 -0.122999E+02 -0.124781E+01
  0.115000E+02 -0.108960E+02 -0.809207E+00
  0.116000E+02 -0.929209E+01  0.207945E-01
  0.116998E+02 -0.752391E+01  0.806219E+00
  0.118001E+02 -0.560852E+01  0.151134E+01
  0.119000E+02 -0.358306E+01  0.214877E+01
  0.120001E+02 -0.145448E+01  0.261105E+01
  0.120999E+02  0.728449E+00  0.278512E+01
  0.122001E+02  0.293406E+01  0.454117E+01
  0.123001E+02  0.485069E+01  0.454526E+01
  0.123999E+02  0.651925E+01  0.506438E+01
  0.125000E+02  0.792303E+01  0.504898E+01
  0.126001E+02  0.899645E+01  0.502284E+01
  0.126999E+02  0.983541E+01  0.486670E+01
  0.128001E+02  0.104251E+02  0.485110E+01
  0.129000E+02  0.108308E+02  0.456746E+01
  0.130000E+02  0.110634E+02  0.406999E+01
  0.130999E+02  0.110367E+02  0.365804E+01
  0.131999E+02  0.107894E+02  0.324380E+01
  0.132999E+02  0.102824E+02  0.286288E+01
  0.133999E+02  0.952769E+01  0.212879E+01
  0.135001E+02  0.850798E+01  0.143968E+01
  0.135998E+02  0.722380E+01  0.640679E+00
  0.137002E+02  0.571428E+01 -0.776595E-01
  0.138001E+02  0.406071E+01 -0.788922E+00
  0.139001E+02  0.224768E+01 -0.125264E+01
  0.140002E+02  0.327805E+00 -0.209805E+01
  0.141000E+02 -0.167420E+01 -0.266769E+01
  0.141999E+02 -0.377333E+01 -0.274161E+01
  0.142999E+02 -0.599834E+01 -0.434024E+01
  0.143999E+02 -0.808702E+01 -0.473159E+01
  0.145001E+02 -0.996236E+01 -0.516244E+01
  0.146000E+02 -0.116151E+02 -0.508055E+01
  0.147002E+02 -0.129626E+02 -0.535801E+01
  0.147998E+02 -0.140013E+02 -0.494540E+01
  0.149000E+02 -0.147712E+02 -0.517166E+01
  0.150002E+02 -0.152215E+02 -0.461094E+01
  0.150998E+02 -0.154090E+02 -0.369349E+01
  0.152000E+02 -0.153512E+02 -0.398358E+01
  0.152999E+02 -0.150307E+02 -0.322705E+01
  0.154001E+02 -0.144153E+02 -0.297596E+01
  0.154999E+02 -0.135460E+02 -0.224825E+01
  0.156000E+02 -0.123478E+02 -0.123117E+01
  0.157001E+02 -0.109269E+02 -0.619998E+00
  0.157999E+02 -0.933481E+01  0.814945E-01
  0.159000E+02 -0.755710E+01  0.675958E+00
  0.160000E+02 -0.562272E+01  0.135425E+01
  0.161000E+02 -0.356962E+01  0.222525E+01
  0.161999E+02 -0.144731E+01  0.242804E+01
  0.163001E+02  0.821045E+00  0.395126E+01
  0.164001E+02  0.299911E+01  0.428634E+01
  0.165001E+02  0.497313E+01  0.529909E+01
  0.166000E+02  0.659641E+01  0.488157E+01
  0.167000E+02  0.797040E+01  0.485740E+01
  0.168001E+02  0.903487E+01  0.508036E+01
  0.169001E+02  0.987662E+01  0.497514E+01
  0.170001E+02  0.104832E+02  0.460815E+01
  0.171000E+02  0.108770E+02  0.398438E+01
  0.172001E+02  0.110627E+02  0.385960E+01
  0.173000E+02  0.110313E+02  0.341269E+01
  0.174001E+02  0.107509E+02  0.312168E+01
  0.174999E+02  0.102139E+02  0.276307E+01
  0.176001E+02  0.943599E+01  0.218702E+01
  0.176998E+02  0.842183E+01  0.160290E+01
  0.177998E+02  0.713963E+01  0.608407E+00
  0.178999E+02  0.563991E+01 -0.231580E+00
  0.180001E+02  0.399074E+01 -0.884817E+00
  0.180998E+02  0.222092E+01 -0.122274E+01
  0.181998E+02  0.299134E+00 -0.207620E+01
  0.182999E+02 -0.172821E+01 -0.250646E+01
  0.183998E+02 -0.387564E+01 -0.306088E+01
  0.185000E+02 -0.610239E+01 -0.436535E+01
  0.186001E+02 -0.825085E+01 -0.470374E+01
  0.187001E+02 -0.101355E+02 -0.504911E+01
  0.188002E+02 -0.117733E+02 -0.534805E+01
  0.188999E+02 -0.131034E+02 -0.551347E+01
  0.190000E+02 -0.141240E+02 -0.520157E+01
  0.191000E+02 -0.148202E+02 -0.480751E+01
  0.192000E+02 -0.152126E+02 -0.428797E+01
  0.193001E+02 -0.153689E+02 -0.430747E+01
  0.193998E+02 -0.152604E+02 -0.372167E+01
  0.195002E+02 -0.149086E+02 -0.336881E+01
  0.196000E+02 -0.142723E+02 -0.270088E+01
  0.196998E+02 -0.133878E+02 -0.205325E+01
  0.198001E+02 -0.121894E+02 -0.100398E+01
  0.199002E+02 -0.107869E+02 -0.560616E+00
  0.200001E+02 -0.921544E+01  0.127568E+00
  0.201000E+02 -0.745997E+01  0.708618E+00
  0.202001E+02 -0.556861E+01  0.155543E+01
  0.203000E+02 -0.354116E+01  0.200704E+01
  0.204000E+02 -0.142430E+01  0.273755E+01
  0.205001E+02  0.849736E+00  0.334600E+01
  0.206000E+02  0.301461E+01  0.473216E+01
  0.207000E+02  0.496223E+01  0.466396E+01
  0.208000E+02  0.666046E+01  0.492820E+01
  0.209001E+02  0.804412E+01  0.504150E+01
  0.210001E+02  0.908688E+01  0.481582E+01
  0.211000E+02  0.990259E+01  0.480239E+01
  0.211999E+02  0.104775E+02  0.437293E+01
  0.212999E+02  0.108632E+02  0.406035E+01
  0.213999E+02  0.110836E+02  0.398793E+01
  0.214999E+02  0.110337E+02  0.347649E+01
  0.216000E+02  0.107505E+02  0.314556E+01
  0.217001E+02  0.102140E+02  0.271518E+01
  0.218001E+02  0.942279E+01  0.208962E+01
  0.219000E+02  0.840841E+01  0.158029E+01
  0.219999E+02  0.712399E+01  0.392731E+00
  0.220999E+02  0.565006E+01 -0.169654E+00
  0.222000E+02  0.397998E+01 -0.790641E+00
  0.223001E+02  0.218901E+01 -0.114000E+01
  0.223999E+02  0.266587E+00 -0.196426E+01
  0.224999E+02 -0.173326E+01 -0.261987E+01
  0.226001E+02 -0.389095E+01 -0.299202E+01
  0.227000E+02 -0.612749E+01 -0.429185E+01
  0.227998E+02 -0.822606E+01 -0.459139E+01
  0.229000E+02 -0.100852E+02 -0.518183E+01
  0.229999E+02 -0.116868E+02 -0.526118E+01
  0.230999E+02 -0.129879E+02 -0.506701E+01
  0.232000E+02 -0.139502E+02 -0.502322E+01
  0.232999E+02 -0.146586E+02 -0.491170E+01
  0.233999E+02 -0.150181E+02 -0.454443E+01
  0.234998E+02 -0.151517E+02 -0.400418E+01
  0.236002E+02 -0.150485E+02 -0.360676E+01
  0.236999E+02 -0.146693E+02 -0.323232E+01
  0.237998E+02 -0.140408E+02 -0.269698E+01
  0.238998E+02 -0.131353E+02 -0.221581E+01
  0.240001E+02 -0.119662E+02 -0.116960E+01
  0.240998E+02 -0.105453E+02 -0.443750E+00
  0.241999E+02 -0.895476E+01  0.214384E+00
  0.243002E+02 -0.723182E+01  0.993197E+00
  0.244001E+02 -0.532962E+01  0.158348E+01
  0.245001E+02 -0.331954E+01  0.198368E+01
  0.246002E+02 -0.121783E+01  0.210084E+01
  0.247000E+02  0.947130E+00  0.275444E+01
  0.248001E+02  0.316298E+01  0.463570E+01
  0.248999E+02  0.506883E+01  0.483005E+01
  0.250001E+02  0.666736E+01  0.491665E+01
  0.251001E+02  0.803789E+01  0.514550E+01
  0.251999E+02  0.904258E+01  0.431533E+01
  0.253001E+02  0.986052E+01  0.449016E+01
  0.254001E+02  0.104473E+02  0.417677E+01
  0.255000E+02  0.108148E+02  0.407368E+01
  0.256000E+02  0.110002E+02  0.398428E+01
  0.257000E+02  0.109415E+02  0.306304E+01
  0.258000E+02  0.106253E+02  0.279213E+01
  0.259002E+02  0.101085E+02  0.227342E+01
  0.259998E+02  0.935517E+01  0.198274E+01
  0.260998E+02  0.835239E+01  0.140782E+01
  0.261999E+02  0.710236E+01  0.418374E+00
  0.263000E+02  0.561322E+01 -0.100638E+00
  0.264001E+02  0.394897E+01 -0.948382E+00
  0.265002E+02  0.214942E+01 -0.123578E+01
  0.266001E+02  0.220739E+00 -0.190406E+01
  0.266999E+02 -0.175991E+01 -0.273158E+01
  0.267998E+02 -0.391494E+01 -0.310088E+01
  0.268998E+02 -0.614780E+01 -0.398131E+01
  0.270002E+02 -0.825868E+01 -0.463228E+01
  0.271002E+02 -0.101756E+02 -0.474690E+01
  0.272002E+02 -0.117968E+02 -0.500370E+01
  0.273000E+02 -0.131159E+02 -0.502603E+01
  0.274000E+02 -0.140873E+02 -0.513931E+01
  0.274999E+02 -0.147144E+02 -0.475629E+01
  0.275999E+02 -0.150648E+02 -0.413620E+01
  0.277001E+02 -0.151487E+02 -0.389336E+01
  0.278002E+02 -0.150182E+02 -0.365690E+01
  0.279001E+02 -0.146491E+02 -0.290992E+01
  0.280001E+02 -0.140200E+02 -0.251041E+01
  0.281001E+02 -0.131402E+02 -0.190094E+01
  0.281999E+02 -0.119658E+02 -0.106457E+01
  0.282999E+02 -0.105660E+02 -0.268262E+00
  0.283999E+02 -0.898453E+01  0.245636E+00
  0.285000E+02 -0.724205E+01  0.998819E+00
  0.285999E+02 -0.534802E+01  0.161570E+01
  0.287001E+02 -0.335178E+01  0.209099E+01
  0.288000E+02 -0.122595E+01  0.258655E+01
  0.288999E+02  0.976997E+00  0.309957E+01
  0.290000E+02  0.312367E+01  0.427126E+01
  0.291001E+02  0.506001E+01  0.468232E+01
  0.292001E+02  0.663746E+01  0.493121E+01
  0.293000E+02  0.791432E+01  0.510242E+01
  0.294001E+02  0.889331E+01  0.428518E+01
  0.295000E+02  0.965278E+01  0.447493E+01
  0.295999E+02  0.102459E+02  0.394534E+01
  0.297000E+02  0.106136E+02  0.367704E+01
  0.297999E+02  0.107821E+02  0.343003E+01
  0.299000E+02  0.107369E+02  0.324348E+01
  0.300000E+02  0.104530E+02  0.286792E+01
  0.300999E+02  0.994544E+01  0.239670E+01
  0.302000E+02  0.917582E+01  0.165360E+01
  0.302998E+02  0.818756E+01  0.126294E+01
  0.303998E+02  0.693122E+01  0.287197E+00
  0.305000E+02  0.545614E+01 -0.177388E+00
  0.305999E+02  0.381125E+01 -0.898400E+00
  0.306999E+02  0.199418E+01 -0.155062E+01
  0.307999E+02  0.793504E-01 -0.213824E+01
  0.309000E+02 -0.188762E+01 -0.242576E+01
  0.310002E+02 -0.401658E+01 -0.314450E+01
  0.310998E+02 -0.619474E+01 -0.325813E+01
  0.312001E+02 -0.830226E+01 -0.451319E+01
  0.313001E+02 -0.101833E+02 -0.494035E+01
  0.313998E+02 -0.117570E+02 -0.481148E+01
  0.315000E+02 -0.130420E+02 -0.491119E+01
  0.315998E+02 -0.139730E+02 -0.512549E+01
  0.317002E+02 -0.146444E+02 -0.463344E+01
  0.317999E+02 -0.150170E+02 -0.399334E+01
  0.319001E+02 -0.150925E+02 -0.395461E+01
  0.320000E+02 -0.149365E+02 -0.330838E+01
  0.320999E+02 -0.145324E+02 -0.268717E+01
  0.321998E+02 -0.138795E+02 -0.240224E+01
  0.322998E+02 -0.129701E+02 -0.189105E+01
  0.324001E+02 -0.117927E+02 -0.908015E+00
  0.325001E+02 -0.103486E+02 -0.362900E+00
  0.325999E+02 -0.877305E+01  0.500434E+00
  0.327001E+02 -0.705382E+01  0.119575E+01
  0.328001E+02 -0.518381E+01  0.147035E+01
  0.328999E+02 -0.323146E+01  0.216683E+01
  0.330000E+02 -0.113830E+01  0.226633E+01
  0.331000E+02  0.999078E+00  0.249415E+01
  0.332000E+02  0.316179E+01  0.441348E+01
  0.332999E+02  0.497473E+01  0.425329E+01
  0.334000E+02  0.657412E+01  0.455693E+01
  0.335000E+02  0.788856E+01  0.488718E+01
  0.336000E+02  0.892648E+01  0.400546E+01
  0.336999E+02  0.969179E+01  0.465117E+01
  0.337999E+02  0.102806E+02  0.420151E+01
  0.339000E+02  0.106279E+02  0.369672E+01
  0.340000E+02  0.107797E+02  0.334074E+01
  0.341001E+02  0.107420E+02  0.301288E+01
  0.342000E+02  0.104245E+02  0.275976E+01
  0.342999E+02  0.988145E+01  0.213990E+01
  0.344002E+02  0.910357E+01  0.156639E+01
  0.345002E+02  0.811598E+01  0.136898E+01
  0.346001E+02  0.686029E+01  0.843508E+00
  0.347000E+02  0.537443E+01 -0.335214E+00
  0.348002E+02  0.373982E+01 -0.902400E+00
  0.348998E+02  0.196098E+01 -0.152738E+01
  0.349998E+02  0.728995E-01 -0.223625E+01
  0.351001E+02 -0.186135E+01 -0.254866E+01
  0.351998E+02 -0.389708E+01 -0.271487E+01
  0.353002E+02 -0.607920E+01 -0.326894E+01
  0.353999E+02 -0.820959E+01 -0.453908E+01
  0.355000E+02 -0.100539E+02 -0.470859E+01
  0.355998E+02 -0.116419E+02 -0.512234E+01
  0.357001E+02 -0.128976E+02 -0.441929E+01
  0.358001E+02 -0.138147E+02 -0.465259E+01
  0.359001E+02 -0.144631E+02 -0.457063E+01
  0.360001E+02 -0.147686E+02 -0.393032E+01
  0.360998E+02 -0.148298E+02 -0.347494E+01
  0.362002E+02 -0.146530E+02 -0.284176E+01
  0.362999E+02 -0.142452E+02 -0.231642E+01
  0.363998E+02 -0.136028E+02 -0.206703E+01
  0.365001E+02 -0.127421E+02 -0.164033E+01
  0.366002E+02 -0.116025E+02 -0.927618E+00
  0.367000E+02 -0.102031E+02 -0.225860E+00
  0.368001E+02 -0.864881E+01  0.277643E+00
  0.369001E+02 -0.694318E+01  0.923815E+00
  0.370001E+02 -0.510320E+01  0.141053E+01
  0.371001E+02 -0.315459E+01  0.216034E+01
  0.372001E+02 -0.109402E+01  0.217476E+01
  0.373000E+02  0.103611E+01  0.310426E+01
  0.374000E+02  0.319320E+01  0.415843E+01
  0.374999E+02  0.505877E+01  0.416795E+01
  0.376001E+02  0.662552E+01  0.436073E+01
  0.376999E+02  0.789933E+01  0.454475E+01
  0.378000E+02  0.889768E+01  0.450483E+01
  0.379001E+02  0.968579E+01  0.400327E+01
  0.380001E+02  0.102618E+02  0.389400E+01
  0.381001E+02  0.106183E+02  0.351628E+01
  0.382001E+02  0.107787E+02  0.336425E+01
  0.383000E+02  0.106791E+02  0.309963E+01
  0.384001E+02  0.103828E+02  0.245411E+01
  0.385000E+02  0.984266E+01  0.203694E+01
  0.386000E+02  0.908367E+01  0.153735E+01
  0.386999E+02  0.808858E+01  0.112161E+01
  0.388001E+02  0.685402E+01  0.816908E+00
  0.389001E+02  0.536211E+01 -0.285286E+00
  0.390002E+02  0.372972E+01 -0.974120E+00
  0.391002E+02  0.195421E+01 -0.162516E+01
  0.392000E+02  0.993959E-01 -0.207189E+01
  0.392998E+02 -0.182131E+01 -0.257782E+01
  0.394000E+02 -0.391003E+01 -0.291101E+01
  0.394999E+02 -0.606116E+01 -0.319298E+01
  0.396000E+02 -0.814611E+01 -0.462090E+01
  0.397002E+02 -0.100300E+02 -0.491980E+01
  0.398001E+02 -0.115910E+02 -0.464708E+01
  0.399001E+02 -0.128146E+02 -0.502960E+01
  0.400001E+02 -0.137040E+02 -0.463558E+01
  0.401001E+02 -0.142972E+02 -0.417714E+01
  0.402000E+02 -0.145785E+02 -0.387500E+01
  0.403000E+02 -0.146353E+02 -0.350774E+01
  0.404000E+02 -0.144767E+02 -0.297165E+01
  0.404999E+02 -0.140659E+02 -0.245676E+01
  0.406000E+02 -0.134240E+02 -0.198135E+01
  0.407001E+02 -0.125604E+02 -0.159987E+01
  0.408000E+02 -0.114450E+02 -0.126145E+01
  0.408999E+02 -0.100687E+02 -0.400950E-01
  0.409998E+02 -0.854615E+01  0.417374E+00
  0.411001E+02 -0.683881E+01  0.925744E+00
  0.411999E+02 -0.502645E+01  0.168709E+01
  0.412998E+02 -0.309725E+01  0.195414E+01
  0.414000E+02 -0.104288E+01  0.248311E+01
  0.415000E+02  0.109343E+01  0.276833E+01
  0.416000E+02  0.322578E+01  0.418869E+01
  0.417001E+02  0.507140E+01  0.458091E+01
  0.418001E+02  0.661236E+01  0.442610E+01
