#       T          ROOM 1          ROOM 2          ROOM 3          ROOM 4          ROOM I
  0.000000E+00  0.249782E+01  0.249782E+01
  0.300112E+00  0.239912E+01  0.260290E+01
  0.399957E+00  0.234697E+01  0.266070E+01
  0.499903E+00  0.228261E+01  0.271972E+01
  0.599996E+00  0.220935E+01  0.278360E+01
  0.699894E+00  0.214099E+01  0.284753E+01
  0.799980E+00  0.207544E+01  0.290579E+01
  0.899845E+00  0.201823E+01  0.296318E+01
  0.999986E+00  0.196483E+01  0.301773E+01
  0.110022E+01  0.191670E+01  0.306298E+01
  0.120021E+01  0.187908E+01  0.310843E+01
  0.130002E+01  0.190604E+01  0.308929E+01
  0.140016E+01  0.196819E+01  0.302780E+01
  0.149982E+01  0.204373E+01  0.296686E+01
  0.160017E+01  0.211875E+01  0.289662E+01
  0.170005E+01  0.219412E+01  0.282217E+01
  0.179984E+01  0.227699E+01  0.274544E+01
  0.190010E+01  0.236363E+01  0.267144E+01
  0.200005E+01  0.243966E+01  0.259151E+01
  0.209985E+01  0.252150E+01  0.251239E+01
  0.219996E+01  0.259635E+01  0.243268E+01
  0.230007E+01  0.267989E+01  0.235708E+01
  0.240003E+01  0.275174E+01  0.227854E+01
  0.250007E+01  0.282649E+01  0.220734E+01
  0.259984E+01  0.289873E+01  0.214135E+01
  0.269992E+01  0.297102E+01  0.207631E+01
  0.279989E+01  0.303460E+01  0.201265E+01
  0.290004E+01  0.309408E+01  0.194869E+01
  0.300004E+01  0.314846E+01  0.189188E+01
  0.310005E+01  0.315366E+01  0.188684E+01
  0.320011E+01  0.312440E+01  0.192359E+01
  0.330010E+01  0.308524E+01  0.196908E+01
  0.340002E+01  0.303930E+01  0.201943E+01
  0.349996E+01  0.298723E+01  0.207822E+01
  0.360014E+01  0.292655E+01  0.213579E+01
  0.369995E+01  0.286046E+01  0.219220E+01
  0.380001E+01  0.279415E+01  0.225442E+01
  0.390001E+01  0.272485E+01  0.232032E+01
  0.399989E+01  0.265357E+01  0.238606E+01
  0.409996E+01  0.258439E+01  0.244833E+01
  0.419999E+01  0.251280E+01  0.250757E+01
  0.430000E+01  0.244264E+01  0.257060E+01
  0.440001E+01  0.237502E+01  0.263165E+01
  0.450009E+01  0.230685E+01  0.269018E+01
  0.459990E+01  0.224452E+01  0.274819E+01
  0.470007E+01  0.217526E+01  0.279828E+01
  0.479997E+01  0.211579E+01  0.285139E+01
  0.490014E+01  0.205997E+01  0.290855E+01
  0.499987E+01  0.200697E+01  0.295827E+01
  0.510010E+01  0.195833E+01  0.300403E+01
  0.520004E+01  0.194982E+01  0.301140E+01
  0.530003E+01  0.196914E+01  0.298732E+01
  0.540014E+01  0.200188E+01  0.295147E+01
  0.550001E+01  0.204376E+01  0.290433E+01
  0.560004E+01  0.209445E+01  0.285033E+01
  0.569990E+01  0.216214E+01  0.279426E+01
  0.579996E+01  0.223555E+01  0.272833E+01
  0.590009E+01  0.231153E+01  0.265690E+01
  0.599991E+01  0.238598E+01  0.258425E+01
  0.610014E+01  0.246492E+01  0.250971E+01
  0.619992E+01  0.254238E+01  0.243175E+01
  0.629985E+01  0.261843E+01  0.235543E+01
  0.640014E+01  0.269321E+01  0.228267E+01
  0.650019E+01  0.276530E+01  0.220865E+01
  0.659990E+01  0.283423E+01  0.213381E+01
  0.670013E+01  0.290725E+01  0.206420E+01
  0.680014E+01  0.297061E+01  0.199206E+01
  0.689982E+01  0.303265E+01  0.192595E+01
  0.699985E+01  0.310051E+01  0.186670E+01
  0.710016E+01  0.316088E+01  0.180518E+01
  0.719995E+01  0.321376E+01  0.175360E+01
  0.729991E+01  0.320488E+01  0.176004E+01
  0.739996E+01  0.317635E+01  0.179512E+01
  0.749985E+01  0.313707E+01  0.184332E+01
  0.759992E+01  0.308658E+01  0.189745E+01
  0.769985E+01  0.303342E+01  0.195732E+01
  0.780000E+01  0.297319E+01  0.201809E+01
  0.790015E+01  0.290361E+01  0.207819E+01
  0.799989E+01  0.283444E+01  0.214010E+01
  0.810012E+01  0.276198E+01  0.219702E+01
  0.819998E+01  0.268826E+01  0.226107E+01
  0.829986E+01  0.261652E+01  0.232508E+01
  0.840009E+01  0.254282E+01  0.238572E+01
  0.849990E+01  0.247166E+01  0.245184E+01
  0.859999E+01  0.239771E+01  0.250781E+01
  0.869994E+01  0.232910E+01  0.257325E+01
  0.879994E+01  0.226971E+01  0.263269E+01
  0.890009E+01  0.220769E+01  0.269005E+01
  0.900001E+01  0.214286E+01  0.273930E+01
  0.910013E+01  0.208693E+01  0.279290E+01
  0.920017E+01  0.203498E+01  0.284007E+01
  0.929997E+01  0.198582E+01  0.288599E+01
  0.940002E+01  0.196236E+01  0.290914E+01
  0.949985E+01  0.198278E+01  0.288326E+01
  0.960020E+01  0.201633E+01  0.284509E+01
  0.969999E+01  0.206157E+01  0.280290E+01
  0.980010E+01  0.211552E+01  0.275220E+01
  0.989996E+01  0.217866E+01  0.269278E+01
  0.999990E+01  0.225319E+01  0.262549E+01
  0.101002E+02  0.232835E+01  0.255055E+01
  0.102001E+02  0.239942E+01  0.247345E+01
  0.103000E+02  0.247340E+01  0.240044E+01
  0.103999E+02  0.254940E+01  0.232381E+01
  0.105001E+02  0.262297E+01  0.224602E+01
  0.106002E+02  0.269992E+01  0.217159E+01
  0.107001E+02  0.278046E+01  0.209721E+01
  0.107999E+02  0.284589E+01  0.202577E+01
  0.109000E+02  0.291403E+01  0.195755E+01
  0.109998E+02  0.297970E+01  0.189240E+01
  0.111001E+02  0.304348E+01  0.182459E+01
  0.111999E+02  0.310005E+01  0.176288E+01
  0.113001E+02  0.315784E+01  0.170537E+01
  0.114001E+02  0.319645E+01  0.165611E+01
  0.115000E+02  0.318273E+01  0.167562E+01
  0.116000E+02  0.315053E+01  0.171359E+01
  0.116998E+02  0.310991E+01  0.176164E+01
  0.118001E+02  0.305988E+01  0.181509E+01
  0.119000E+02  0.300728E+01  0.187582E+01
  0.120001E+02  0.294213E+01  0.193331E+01
  0.120999E+02  0.288008E+01  0.199072E+01
  0.122001E+02  0.280280E+01  0.204927E+01
  0.123001E+02  0.272994E+01  0.210861E+01
  0.123999E+02  0.266392E+01  0.217708E+01
  0.125000E+02  0.258986E+01  0.224354E+01
  0.126001E+02  0.251581E+01  0.230113E+01
  0.126999E+02  0.244691E+01  0.236590E+01
  0.128001E+02  0.237412E+01  0.241766E+01
  0.129000E+02  0.230304E+01  0.247295E+01
  0.130000E+02  0.223989E+01  0.253531E+01
  0.130999E+02  0.217321E+01  0.258674E+01
  0.131999E+02  0.211611E+01  0.263993E+01
  0.132999E+02  0.206187E+01  0.269417E+01
  0.133999E+02  0.200867E+01  0.274452E+01
  0.135001E+02  0.196324E+01  0.279106E+01
  0.135998E+02  0.193266E+01  0.282838E+01
  0.137002E+02  0.195517E+01  0.280195E+01
  0.138001E+02  0.198778E+01  0.276414E+01
  0.139001E+02  0.203235E+01  0.272263E+01
  0.140002E+02  0.208505E+01  0.266975E+01
  0.141000E+02  0.215019E+01  0.261427E+01
  0.141999E+02  0.222010E+01  0.255089E+01
  0.142999E+02  0.229872E+01  0.248190E+01
  0.143999E+02  0.237411E+01  0.240915E+01
  0.145001E+02  0.244882E+01  0.233108E+01
  0.146000E+02  0.252553E+01  0.225326E+01
  0.147002E+02  0.260124E+01  0.218058E+01
  0.147998E+02  0.266741E+01  0.209808E+01
  0.149000E+02  0.274756E+01  0.203162E+01
  0.150002E+02  0.282140E+01  0.196209E+01
  0.150998E+02  0.289015E+01  0.188809E+01
  0.152000E+02  0.296233E+01  0.182619E+01
  0.152999E+02  0.302447E+01  0.176145E+01
  0.154001E+02  0.308316E+01  0.170194E+01
  0.154999E+02  0.313420E+01  0.163921E+01
  0.156000E+02  0.316918E+01  0.160189E+01
  0.157001E+02  0.314908E+01  0.162741E+01
  0.157999E+02  0.311691E+01  0.166556E+01
  0.159000E+02  0.307369E+01  0.171467E+01
  0.160000E+02  0.302295E+01  0.177244E+01
  0.161000E+02  0.296284E+01  0.183177E+01
  0.161999E+02  0.290031E+01  0.188836E+01
  0.163001E+02  0.283030E+01  0.194737E+01
  0.164001E+02  0.275896E+01  0.200600E+01
  0.165001E+02  0.268906E+01  0.207164E+01
  0.166000E+02  0.261418E+01  0.213080E+01
  0.167000E+02  0.253785E+01  0.219710E+01
  0.168001E+02  0.246893E+01  0.226117E+01
  0.169001E+02  0.239553E+01  0.232566E+01
  0.170001E+02  0.232660E+01  0.238619E+01
  0.171000E+02  0.225463E+01  0.244000E+01
  0.172001E+02  0.219381E+01  0.249986E+01
  0.173000E+02  0.212601E+01  0.255418E+01
  0.174001E+02  0.207476E+01  0.261253E+01
  0.174999E+02  0.201477E+01  0.265603E+01
  0.176001E+02  0.196589E+01  0.270414E+01
  0.176998E+02  0.191519E+01  0.274917E+01
  0.177998E+02  0.188211E+01  0.278215E+01
  0.178999E+02  0.190506E+01  0.275658E+01
  0.180001E+02  0.194034E+01  0.271997E+01
  0.180998E+02  0.198342E+01  0.267175E+01
  0.181998E+02  0.203984E+01  0.262136E+01
  0.182999E+02  0.210585E+01  0.256322E+01
  0.183998E+02  0.218095E+01  0.249869E+01
  0.185000E+02  0.225409E+01  0.242510E+01
  0.186001E+02  0.233511E+01  0.235257E+01
  0.187001E+02  0.240948E+01  0.227595E+01
  0.188002E+02  0.248787E+01  0.220328E+01
  0.188999E+02  0.256189E+01  0.212594E+01
  0.190000E+02  0.263758E+01  0.205076E+01
  0.191000E+02  0.270884E+01  0.197596E+01
  0.192000E+02  0.278077E+01  0.190808E+01
  0.193001E+02  0.285120E+01  0.183875E+01
  0.193998E+02  0.291458E+01  0.177106E+01
  0.195002E+02  0.298237E+01  0.171168E+01
  0.196000E+02  0.303689E+01  0.164882E+01
  0.196998E+02  0.308986E+01  0.158729E+01
  0.198001E+02  0.312423E+01  0.154834E+01
  0.199002E+02  0.310490E+01  0.157427E+01
  0.200001E+02  0.306996E+01  0.161644E+01
  0.201000E+02  0.302571E+01  0.166756E+01
  0.202001E+02  0.297007E+01  0.171951E+01
  0.203000E+02  0.291046E+01  0.177949E+01
  0.204000E+02  0.284455E+01  0.183642E+01
  0.205001E+02  0.277527E+01  0.190043E+01
  0.206000E+02  0.270054E+01  0.195707E+01
  0.207000E+02  0.262513E+01  0.201978E+01
  0.208000E+02  0.255447E+01  0.208854E+01
  0.209001E+02  0.247434E+01  0.214945E+01
  0.210001E+02  0.240272E+01  0.221022E+01
  0.211000E+02  0.234151E+01  0.227835E+01
  0.211999E+02  0.226479E+01  0.233000E+01
  0.212999E+02  0.220084E+01  0.238919E+01
  0.213999E+02  0.213418E+01  0.245150E+01
  0.214999E+02  0.206865E+01  0.250351E+01
  0.216000E+02  0.201259E+01  0.255969E+01
  0.217001E+02  0.195916E+01  0.261291E+01
  0.218001E+02  0.190789E+01  0.265241E+01
  0.219000E+02  0.185968E+01  0.269723E+01
  0.219999E+02  0.182565E+01  0.273162E+01
  0.220999E+02  0.184657E+01  0.270460E+01
  0.222000E+02  0.188303E+01  0.266565E+01
  0.223001E+02  0.192822E+01  0.261793E+01
  0.223999E+02  0.198483E+01  0.256880E+01
  0.224999E+02  0.204834E+01  0.250978E+01
  0.226001E+02  0.212703E+01  0.244815E+01
  0.227000E+02  0.220662E+01  0.237581E+01
  0.227998E+02  0.228022E+01  0.230223E+01
  0.229000E+02  0.235176E+01  0.222473E+01
  0.229999E+02  0.242596E+01  0.214757E+01
  0.230999E+02  0.250185E+01  0.207058E+01
  0.232000E+02  0.257250E+01  0.199862E+01
  0.232999E+02  0.265076E+01  0.192897E+01
  0.233999E+02  0.271747E+01  0.186129E+01
  0.234998E+02  0.278597E+01  0.179523E+01
  0.236002E+02  0.284963E+01  0.172904E+01
  0.236999E+02  0.290997E+01  0.167092E+01
  0.237998E+02  0.296568E+01  0.161020E+01
  0.238998E+02  0.301471E+01  0.155263E+01
  0.240001E+02  0.305464E+01  0.150595E+01
  0.240998E+02  0.303185E+01  0.153375E+01
  0.241999E+02  0.299799E+01  0.157470E+01
  0.243002E+02  0.295346E+01  0.162213E+01
  0.244001E+02  0.290114E+01  0.167767E+01
  0.245001E+02  0.283970E+01  0.173763E+01
  0.246002E+02  0.277563E+01  0.179421E+01
  0.247000E+02  0.270651E+01  0.184853E+01
  0.248001E+02  0.263625E+01  0.191290E+01
  0.248999E+02  0.256016E+01  0.197189E+01
  0.250001E+02  0.248789E+01  0.202925E+01
  0.251001E+02  0.242244E+01  0.210018E+01
  0.251999E+02  0.234961E+01  0.215695E+01
  0.253001E+02  0.227038E+01  0.221671E+01
  0.254001E+02  0.219712E+01  0.227226E+01
  0.255000E+02  0.213060E+01  0.232652E+01
  0.256000E+02  0.206451E+01  0.238255E+01
  0.257000E+02  0.200458E+01  0.243837E+01
  0.258000E+02  0.194470E+01  0.248232E+01
  0.259002E+02  0.188812E+01  0.253267E+01
  0.259998E+02  0.183881E+01  0.258186E+01
  0.260998E+02  0.179364E+01  0.262944E+01
  0.261999E+02  0.175360E+01  0.266957E+01
  0.263000E+02  0.177764E+01  0.263922E+01
  0.264001E+02  0.181609E+01  0.259837E+01
  0.265002E+02  0.186448E+01  0.254973E+01
  0.266001E+02  0.192617E+01  0.250208E+01
  0.266999E+02  0.198885E+01  0.244559E+01
  0.267998E+02  0.206516E+01  0.238026E+01
  0.268998E+02  0.214762E+01  0.231055E+01
  0.270002E+02  0.221879E+01  0.223122E+01
  0.271002E+02  0.229965E+01  0.215621E+01
  0.272002E+02  0.237836E+01  0.207895E+01
  0.273000E+02  0.246308E+01  0.200907E+01
  0.274000E+02  0.253616E+01  0.193108E+01
  0.274999E+02  0.260678E+01  0.186055E+01
  0.275999E+02  0.267733E+01  0.179391E+01
  0.277001E+02  0.273689E+01  0.172300E+01
  0.278002E+02  0.280426E+01  0.166164E+01
  0.279001E+02  0.286643E+01  0.159877E+01
  0.280001E+02  0.292325E+01  0.153877E+01
  0.281001E+02  0.297736E+01  0.148224E+01
  0.281999E+02  0.301203E+01  0.144106E+01
  0.282999E+02  0.298790E+01  0.147064E+01
  0.283999E+02  0.295267E+01  0.151404E+01
  0.285000E+02  0.290490E+01  0.156434E+01
  0.285999E+02  0.285129E+01  0.162353E+01
  0.287001E+02  0.279155E+01  0.168113E+01
  0.288000E+02  0.272479E+01  0.173936E+01
  0.288999E+02  0.265510E+01  0.179783E+01
  0.290000E+02  0.258555E+01  0.185664E+01
  0.291001E+02  0.250986E+01  0.191970E+01
  0.292001E+02  0.244151E+01  0.198071E+01
  0.293000E+02  0.236932E+01  0.204058E+01
  0.294001E+02  0.229785E+01  0.209474E+01
  0.295000E+02  0.222938E+01  0.215285E+01
  0.295999E+02  0.215900E+01  0.221242E+01
  0.297000E+02  0.209473E+01  0.227028E+01
  0.297999E+02  0.202934E+01  0.232687E+01
  0.299000E+02  0.196371E+01  0.237961E+01
  0.300000E+02  0.190721E+01  0.243314E+01
  0.300999E+02  0.185277E+01  0.248373E+01
  0.302000E+02  0.180312E+01  0.253154E+01
  0.302998E+02  0.175748E+01  0.257685E+01
  0.303998E+02  0.171508E+01  0.261826E+01
  0.305000E+02  0.174025E+01  0.258630E+01
  0.305999E+02  0.177566E+01  0.254769E+01
  0.306999E+02  0.182659E+01  0.250140E+01
  0.307999E+02  0.188589E+01  0.244941E+01
  0.309000E+02  0.194695E+01  0.238684E+01
  0.310002E+02  0.202298E+01  0.232510E+01
  0.310998E+02  0.209980E+01  0.225549E+01
  0.312001E+02  0.217850E+01  0.218439E+01
  0.313001E+02  0.225640E+01  0.210633E+01
  0.313998E+02  0.233498E+01  0.203492E+01
  0.315000E+02  0.241266E+01  0.196087E+01
  0.315998E+02  0.248166E+01  0.188357E+01
  0.317002E+02  0.255987E+01  0.181301E+01
  0.317999E+02  0.263585E+01  0.174274E+01
  0.319001E+02  0.270440E+01  0.168149E+01
  0.320000E+02  0.276597E+01  0.161899E+01
  0.320999E+02  0.281915E+01  0.155561E+01
  0.321998E+02  0.286941E+01  0.149608E+01
  0.322998E+02  0.291588E+01  0.144272E+01
  0.324001E+02  0.296115E+01  0.139969E+01
  0.325001E+02  0.293329E+01  0.143264E+01
  0.325999E+02  0.289520E+01  0.147649E+01
  0.327001E+02  0.284901E+01  0.152568E+01
  0.328001E+02  0.279649E+01  0.158188E+01
  0.328999E+02  0.273643E+01  0.163550E+01
  0.330000E+02  0.267399E+01  0.169441E+01
  0.331000E+02  0.260365E+01  0.174960E+01
  0.332000E+02  0.253290E+01  0.181043E+01
  0.332999E+02  0.245571E+01  0.186301E+01
  0.334000E+02  0.238538E+01  0.192719E+01
  0.335000E+02  0.231007E+01  0.198528E+01
  0.336000E+02  0.223888E+01  0.205313E+01
  0.336999E+02  0.216683E+01  0.211003E+01
  0.337999E+02  0.209114E+01  0.216460E+01
  0.339000E+02  0.202791E+01  0.222043E+01
  0.340000E+02  0.196245E+01  0.227228E+01
  0.341001E+02  0.190601E+01  0.233186E+01
  0.342000E+02  0.184657E+01  0.237623E+01
  0.342999E+02  0.179818E+01  0.242507E+01
  0.344002E+02  0.174615E+01  0.246077E+01
  0.345002E+02  0.169841E+01  0.250287E+01
  0.346001E+02  0.165684E+01  0.253676E+01
  0.347000E+02  0.167078E+01  0.252245E+01
  0.348002E+02  0.170867E+01  0.248171E+01
  0.348998E+02  0.175865E+01  0.243640E+01
  0.349998E+02  0.181918E+01  0.238609E+01
  0.351001E+02  0.188090E+01  0.232867E+01
  0.351998E+02  0.195252E+01  0.226256E+01
  0.353002E+02  0.203827E+01  0.219478E+01
  0.353999E+02  0.211890E+01  0.212247E+01
  0.355000E+02  0.219040E+01  0.204574E+01
  0.355998E+02  0.226549E+01  0.197044E+01
  0.357001E+02  0.233851E+01  0.189270E+01
  0.358001E+02  0.241394E+01  0.182894E+01
  0.359001E+02  0.249027E+01  0.175744E+01
  0.360001E+02  0.256120E+01  0.169417E+01
  0.360998E+02  0.262447E+01  0.162918E+01
  0.362002E+02  0.268371E+01  0.156092E+01
  0.362999E+02  0.274234E+01  0.150222E+01
  0.363998E+02  0.279255E+01  0.144165E+01
  0.365001E+02  0.284446E+01  0.138787E+01
  0.366002E+02  0.288606E+01  0.133705E+01
  0.367000E+02  0.285554E+01  0.136965E+01
  0.368001E+02  0.281707E+01  0.141427E+01
  0.369001E+02  0.277047E+01  0.146407E+01
  0.370001E+02  0.271706E+01  0.151853E+01
  0.371001E+02  0.265621E+01  0.157446E+01
  0.372001E+02  0.258738E+01  0.162859E+01
  0.373000E+02  0.252003E+01  0.168723E+01
  0.374000E+02  0.244159E+01  0.174509E+01
  0.374999E+02  0.237617E+01  0.180716E+01
  0.376001E+02  0.229940E+01  0.186653E+01
  0.376999E+02  0.222822E+01  0.192805E+01
  0.378000E+02  0.215828E+01  0.198676E+01
  0.379001E+02  0.209172E+01  0.205042E+01
  0.380001E+02  0.202150E+01  0.210844E+01
  0.381001E+02  0.195433E+01  0.216273E+01
  0.382001E+02  0.189227E+01  0.221863E+01
  0.383000E+02  0.183360E+01  0.226502E+01
  0.384001E+02  0.177853E+01  0.231502E+01
  0.385000E+02  0.172693E+01  0.236211E+01
  0.386000E+02  0.167963E+01  0.240654E+01
  0.386999E+02  0.163542E+01  0.244885E+01
  0.388001E+02  0.159562E+01  0.248414E+01
  0.389001E+02  0.161184E+01  0.246599E+01
  0.390002E+02  0.165003E+01  0.242521E+01
  0.391002E+02  0.170269E+01  0.238103E+01
  0.392000E+02  0.176182E+01  0.233023E+01
  0.392998E+02  0.182351E+01  0.227136E+01
  0.394000E+02  0.190052E+01  0.220841E+01
  0.394999E+02  0.198381E+01  0.214084E+01
  0.396000E+02  0.205930E+01  0.206725E+01
  0.397002E+02  0.213908E+01  0.199462E+01
  0.398001E+02  0.221178E+01  0.191695E+01
  0.399001E+02  0.228572E+01  0.184453E+01
  0.400001E+02  0.235570E+01  0.177203E+01
  0.401001E+02  0.242539E+01  0.170040E+01
  0.402000E+02  0.249640E+01  0.163619E+01
  0.403000E+02  0.256465E+01  0.157063E+01
  0.404000E+02  0.263327E+01  0.151019E+01
  0.404999E+02  0.268985E+01  0.145414E+01
  0.406000E+02  0.273679E+01  0.139926E+01
  0.407001E+02  0.278407E+01  0.134353E+01
  0.408000E+02  0.281949E+01  0.129406E+01
  0.408999E+02  0.279399E+01  0.132347E+01
  0.409998E+02  0.275520E+01  0.136782E+01
  0.411001E+02  0.270815E+01  0.141850E+01
  0.411999E+02  0.265416E+01  0.146982E+01
  0.412998E+02  0.259783E+01  0.152851E+01
  0.414000E+02  0.252704E+01  0.158240E+01
  0.415000E+02  0.245801E+01  0.163927E+01
  0.416000E+02  0.238942E+01  0.169849E+01
  0.417001E+02  0.231275E+01  0.175293E+01
  0.418001E+02  0.224515E+01  0.181408E+01
